[0.121s] DEBUG:colcon:Command line arguments: ['/usr/bin/colcon', 'build']
[0.121s] DEBUG:colcon:Parsed command line arguments: Namespace(allow_overriding=[], ament_cmake_args=None, base_paths=['.'], build_base='build', catkin_cmake_args=None, catkin_skip_building_tests=False, cmake_args=None, cmake_clean_cache=False, cmake_clean_first=False, cmake_force_configure=False, cmake_target=None, cmake_target_skip_unavailable=False, continue_on_error=False, event_handlers=None, executor='parallel', ignore_user_meta=False, install_base='install', log_base=None, log_level=None, main=<bound method BuildVerb.main of <colcon_core.verb.build.BuildVerb object at 0x7f8ecdeaef10>>, merge_install=False, metas=['./colcon.meta'], packages_above=None, packages_above_and_dependencies=None, packages_above_depth=None, packages_end=None, packages_ignore=None, packages_ignore_regex=None, packages_select=None, packages_select_build_failed=False, packages_select_by_dep=None, packages_select_regex=None, packages_select_test_failures=False, packages_skip=None, packages_skip_build_finished=False, packages_skip_by_dep=None, packages_skip_regex=None, packages_skip_test_passed=False, packages_skip_up_to=None, packages_start=None, packages_up_to=None, packages_up_to_regex=None, parallel_workers=8, paths=None, symlink_install=False, test_result_base=None, verb_extension=<colcon_core.verb.build.BuildVerb object at 0x7f8ecdeaef10>, verb_name='build', verb_parser=<colcon_defaults.argument_parser.defaults.DefaultArgumentsDecorator object at 0x7f8ecde52160>)
[0.209s] Level 1:colcon.colcon_core.package_discovery:discover_packages(colcon_meta) check parameters
[0.209s] Level 1:colcon.colcon_core.package_discovery:discover_packages(recursive) check parameters
[0.209s] Level 1:colcon.colcon_core.package_discovery:discover_packages(ignore) check parameters
[0.209s] Level 1:colcon.colcon_core.package_discovery:discover_packages(path) check parameters
[0.209s] Level 1:colcon.colcon_core.package_discovery:discover_packages(colcon_meta) discover
[0.209s] Level 1:colcon.colcon_core.package_discovery:discover_packages(recursive) discover
[0.209s] INFO:colcon.colcon_core.package_discovery:Crawling recursively for packages in '/home/mfikih15/foxy_ws'
[0.209s] Level 1:colcon.colcon_core.package_identification:_identify(.) by extensions ['ignore', 'ignore_ament_install']
[0.209s] Level 1:colcon.colcon_core.package_identification:_identify(.) by extension 'ignore'
[0.209s] Level 1:colcon.colcon_core.package_identification:_identify(.) by extension 'ignore_ament_install'
[0.209s] Level 1:colcon.colcon_core.package_identification:_identify(.) by extensions ['colcon_pkg']
[0.209s] Level 1:colcon.colcon_core.package_identification:_identify(.) by extension 'colcon_pkg'
[0.209s] Level 1:colcon.colcon_core.package_identification:_identify(.) by extensions ['colcon_meta']
[0.209s] Level 1:colcon.colcon_core.package_identification:_identify(.) by extension 'colcon_meta'
[0.209s] Level 1:colcon.colcon_core.package_identification:_identify(.) by extensions ['ros']
[0.209s] Level 1:colcon.colcon_core.package_identification:_identify(.) by extension 'ros'
[0.216s] Level 1:colcon.colcon_core.package_identification:_identify(.) by extensions ['cmake', 'python']
[0.216s] Level 1:colcon.colcon_core.package_identification:_identify(.) by extension 'cmake'
[0.216s] Level 1:colcon.colcon_core.package_identification:_identify(.) by extension 'python'
[0.216s] Level 1:colcon.colcon_core.package_identification:_identify(.) by extensions ['python_setup_py']
[0.216s] Level 1:colcon.colcon_core.package_identification:_identify(.) by extension 'python_setup_py'
[0.217s] Level 1:colcon.colcon_core.package_identification:_identify(build) by extensions ['ignore', 'ignore_ament_install']
[0.217s] Level 1:colcon.colcon_core.package_identification:_identify(build) by extension 'ignore'
[0.217s] Level 1:colcon.colcon_core.package_identification:_identify(build) ignored
[0.217s] Level 1:colcon.colcon_core.package_identification:_identify(install) by extensions ['ignore', 'ignore_ament_install']
[0.217s] Level 1:colcon.colcon_core.package_identification:_identify(install) by extension 'ignore'
[0.217s] Level 1:colcon.colcon_core.package_identification:_identify(install) ignored
[0.217s] Level 1:colcon.colcon_core.package_identification:_identify(log) by extensions ['ignore', 'ignore_ament_install']
[0.217s] Level 1:colcon.colcon_core.package_identification:_identify(log) by extension 'ignore'
[0.217s] Level 1:colcon.colcon_core.package_identification:_identify(log) ignored
[0.217s] Level 1:colcon.colcon_core.package_identification:_identify(src) by extensions ['ignore', 'ignore_ament_install']
[0.217s] Level 1:colcon.colcon_core.package_identification:_identify(src) by extension 'ignore'
[0.217s] Level 1:colcon.colcon_core.package_identification:_identify(src) by extension 'ignore_ament_install'
[0.217s] Level 1:colcon.colcon_core.package_identification:_identify(src) by extensions ['colcon_pkg']
[0.217s] Level 1:colcon.colcon_core.package_identification:_identify(src) by extension 'colcon_pkg'
[0.217s] Level 1:colcon.colcon_core.package_identification:_identify(src) by extensions ['colcon_meta']
[0.217s] Level 1:colcon.colcon_core.package_identification:_identify(src) by extension 'colcon_meta'
[0.217s] Level 1:colcon.colcon_core.package_identification:_identify(src) by extensions ['ros']
[0.217s] Level 1:colcon.colcon_core.package_identification:_identify(src) by extension 'ros'
[0.217s] Level 1:colcon.colcon_core.package_identification:_identify(src) by extensions ['cmake', 'python']
[0.217s] Level 1:colcon.colcon_core.package_identification:_identify(src) by extension 'cmake'
[0.217s] Level 1:colcon.colcon_core.package_identification:_identify(src) by extension 'python'
[0.217s] Level 1:colcon.colcon_core.package_identification:_identify(src) by extensions ['python_setup_py']
[0.217s] Level 1:colcon.colcon_core.package_identification:_identify(src) by extension 'python_setup_py'
[0.217s] Level 1:colcon.colcon_core.package_identification:_identify(src/cpp_pubsub) by extensions ['ignore', 'ignore_ament_install']
[0.217s] Level 1:colcon.colcon_core.package_identification:_identify(src/cpp_pubsub) by extension 'ignore'
[0.217s] Level 1:colcon.colcon_core.package_identification:_identify(src/cpp_pubsub) by extension 'ignore_ament_install'
[0.217s] Level 1:colcon.colcon_core.package_identification:_identify(src/cpp_pubsub) by extensions ['colcon_pkg']
[0.217s] Level 1:colcon.colcon_core.package_identification:_identify(src/cpp_pubsub) by extension 'colcon_pkg'
[0.217s] Level 1:colcon.colcon_core.package_identification:_identify(src/cpp_pubsub) by extensions ['colcon_meta']
[0.217s] Level 1:colcon.colcon_core.package_identification:_identify(src/cpp_pubsub) by extension 'colcon_meta'
[0.217s] Level 1:colcon.colcon_core.package_identification:_identify(src/cpp_pubsub) by extensions ['ros']
[0.218s] Level 1:colcon.colcon_core.package_identification:_identify(src/cpp_pubsub) by extension 'ros'
[0.219s] DEBUG:colcon.colcon_core.package_identification:Package 'src/cpp_pubsub' with type 'ros.ament_cmake' and name 'cpp_pubsub'
[0.219s] Level 1:colcon.colcon_core.package_discovery:discover_packages(recursive) using defaults
[0.219s] Level 1:colcon.colcon_core.package_discovery:discover_packages(ignore) discover
[0.219s] Level 1:colcon.colcon_core.package_discovery:discover_packages(ignore) using defaults
[0.219s] Level 1:colcon.colcon_core.package_discovery:discover_packages(path) discover
[0.219s] Level 1:colcon.colcon_core.package_discovery:discover_packages(path) using defaults
[0.229s] Level 1:colcon.colcon_core.package_discovery:discover_packages(prefix_path) check parameters
[0.229s] Level 1:colcon.colcon_core.package_discovery:discover_packages(prefix_path) discover
[0.230s] WARNING:colcon.colcon_ros.prefix_path.ament:The path '/home/mfikih15/foxy_ws/install/cpp_pubsub' in the environment variable AMENT_PREFIX_PATH doesn't exist
[0.230s] WARNING:colcon.colcon_ros.prefix_path.catkin:The path '/home/mfikih15/foxy_ws/install/cpp_pubsub' in the environment variable CMAKE_PREFIX_PATH doesn't exist
[0.230s] DEBUG:colcon.colcon_installed_package_information.package_discovery:Found 0 installed packages in /home/mfikih15/foxy_ws/install
[0.231s] DEBUG:colcon.colcon_installed_package_information.package_discovery:Found 287 installed packages in /opt/ros/foxy
[0.232s] Level 1:colcon.colcon_core.package_discovery:discover_packages(prefix_path) using defaults
[0.286s] Level 5:colcon.colcon_core.verb:set package 'cpp_pubsub' build argument 'cmake_args' from command line to 'None'
[0.286s] Level 5:colcon.colcon_core.verb:set package 'cpp_pubsub' build argument 'cmake_target' from command line to 'None'
[0.286s] Level 5:colcon.colcon_core.verb:set package 'cpp_pubsub' build argument 'cmake_target_skip_unavailable' from command line to 'False'
[0.286s] Level 5:colcon.colcon_core.verb:set package 'cpp_pubsub' build argument 'cmake_clean_cache' from command line to 'False'
[0.286s] Level 5:colcon.colcon_core.verb:set package 'cpp_pubsub' build argument 'cmake_clean_first' from command line to 'False'
[0.286s] Level 5:colcon.colcon_core.verb:set package 'cpp_pubsub' build argument 'cmake_force_configure' from command line to 'False'
[0.286s] Level 5:colcon.colcon_core.verb:set package 'cpp_pubsub' build argument 'ament_cmake_args' from command line to 'None'
[0.286s] Level 5:colcon.colcon_core.verb:set package 'cpp_pubsub' build argument 'catkin_cmake_args' from command line to 'None'
[0.286s] Level 5:colcon.colcon_core.verb:set package 'cpp_pubsub' build argument 'catkin_skip_building_tests' from command line to 'False'
[0.286s] DEBUG:colcon.colcon_core.verb:Building package 'cpp_pubsub' with the following arguments: {'ament_cmake_args': None, 'build_base': '/home/mfikih15/foxy_ws/build/cpp_pubsub', 'catkin_cmake_args': None, 'catkin_skip_building_tests': False, 'cmake_args': None, 'cmake_clean_cache': False, 'cmake_clean_first': False, 'cmake_force_configure': False, 'cmake_target': None, 'cmake_target_skip_unavailable': False, 'install_base': '/home/mfikih15/foxy_ws/install/cpp_pubsub', 'merge_install': False, 'path': '/home/mfikih15/foxy_ws/src/cpp_pubsub', 'symlink_install': False, 'test_result_base': None}
[0.286s] INFO:colcon.colcon_core.executor:Executing jobs using 'parallel' executor
[0.288s] DEBUG:colcon.colcon_parallel_executor.executor.parallel:run_until_complete
[0.289s] INFO:colcon.colcon_ros.task.ament_cmake.build:Building ROS package in '/home/mfikih15/foxy_ws/src/cpp_pubsub' with build type 'ament_cmake'
[0.289s] INFO:colcon.colcon_cmake.task.cmake.build:Building CMake package in '/home/mfikih15/foxy_ws/src/cpp_pubsub'
[0.291s] INFO:colcon.colcon_core.plugin_system:Skipping extension 'colcon_core.shell.bat': Not used on non-Windows systems
[0.291s] INFO:colcon.colcon_core.shell:Skip shell extension 'powershell' for command environment: Not usable outside of PowerShell
[0.291s] DEBUG:colcon.colcon_core.shell:Skip shell extension 'dsv' for command environment
[0.299s] DEBUG:colcon.colcon_core.event_handler.log_command:Invoking command in '/home/mfikih15/foxy_ws/build/cpp_pubsub': CMAKE_PREFIX_PATH=${CMAKE_PREFIX_PATH}:/opt/ros/foxy /usr/bin/cmake /home/mfikih15/foxy_ws/src/cpp_pubsub -DCMAKE_INSTALL_PREFIX=/home/mfikih15/foxy_ws/install/cpp_pubsub
[1.704s] DEBUG:colcon.colcon_core.event_handler.log_command:Invoked command in '/home/mfikih15/foxy_ws/build/cpp_pubsub' returned '0': CMAKE_PREFIX_PATH=${CMAKE_PREFIX_PATH}:/opt/ros/foxy /usr/bin/cmake /home/mfikih15/foxy_ws/src/cpp_pubsub -DCMAKE_INSTALL_PREFIX=/home/mfikih15/foxy_ws/install/cpp_pubsub
[1.706s] DEBUG:colcon.colcon_core.event_handler.log_command:Invoking command in '/home/mfikih15/foxy_ws/build/cpp_pubsub': CMAKE_PREFIX_PATH=${CMAKE_PREFIX_PATH}:/opt/ros/foxy /usr/bin/cmake --build /home/mfikih15/foxy_ws/build/cpp_pubsub -- -j8 -l8
[8.794s] DEBUG:colcon.colcon_core.event_handler.log_command:Invoked command in '/home/mfikih15/foxy_ws/build/cpp_pubsub' returned '0': CMAKE_PREFIX_PATH=${CMAKE_PREFIX_PATH}:/opt/ros/foxy /usr/bin/cmake --build /home/mfikih15/foxy_ws/build/cpp_pubsub -- -j8 -l8
[8.896s] DEBUG:colcon.colcon_core.event_handler.log_command:Invoking command in '/home/mfikih15/foxy_ws/build/cpp_pubsub': CMAKE_PREFIX_PATH=${CMAKE_PREFIX_PATH}:/opt/ros/foxy /usr/bin/cmake --install /home/mfikih15/foxy_ws/build/cpp_pubsub
[8.960s] Level 1:colcon.colcon_core.environment:create_environment_scripts_only(cpp_pubsub)
[8.962s] DEBUG:colcon.colcon_core.event_handler.log_command:Invoked command in '/home/mfikih15/foxy_ws/build/cpp_pubsub' returned '0': CMAKE_PREFIX_PATH=${CMAKE_PREFIX_PATH}:/opt/ros/foxy /usr/bin/cmake --install /home/mfikih15/foxy_ws/build/cpp_pubsub
[8.967s] Level 1:colcon.colcon_core.environment:checking '/home/mfikih15/foxy_ws/install/cpp_pubsub' for CMake module files
[8.968s] Level 1:colcon.colcon_core.environment:checking '/home/mfikih15/foxy_ws/install/cpp_pubsub' for CMake config files
[8.968s] Level 1:colcon.colcon_core.shell:create_environment_hook('cpp_pubsub', 'cmake_prefix_path')
[8.968s] INFO:colcon.colcon_core.shell:Creating environment hook '/home/mfikih15/foxy_ws/install/cpp_pubsub/share/cpp_pubsub/hook/cmake_prefix_path.ps1'
[8.970s] INFO:colcon.colcon_core.shell:Creating environment descriptor '/home/mfikih15/foxy_ws/install/cpp_pubsub/share/cpp_pubsub/hook/cmake_prefix_path.dsv'
[8.972s] INFO:colcon.colcon_core.shell:Creating environment hook '/home/mfikih15/foxy_ws/install/cpp_pubsub/share/cpp_pubsub/hook/cmake_prefix_path.sh'
[8.973s] Level 1:colcon.colcon_core.environment:checking '/home/mfikih15/foxy_ws/install/cpp_pubsub/lib'
[8.974s] Level 1:colcon.colcon_core.environment:checking '/home/mfikih15/foxy_ws/install/cpp_pubsub/bin'
[8.974s] Level 1:colcon.colcon_core.environment:checking '/home/mfikih15/foxy_ws/install/cpp_pubsub/lib/pkgconfig/cpp_pubsub.pc'
[8.974s] Level 1:colcon.colcon_core.environment:checking '/home/mfikih15/foxy_ws/install/cpp_pubsub/lib/python3.8/site-packages'
[8.974s] Level 1:colcon.colcon_core.environment:checking '/home/mfikih15/foxy_ws/install/cpp_pubsub/bin'
[8.975s] INFO:colcon.colcon_core.shell:Creating package script '/home/mfikih15/foxy_ws/install/cpp_pubsub/share/cpp_pubsub/package.ps1'
[8.976s] INFO:colcon.colcon_core.shell:Creating package descriptor '/home/mfikih15/foxy_ws/install/cpp_pubsub/share/cpp_pubsub/package.dsv'
[8.976s] INFO:colcon.colcon_core.shell:Creating package script '/home/mfikih15/foxy_ws/install/cpp_pubsub/share/cpp_pubsub/package.sh'
[8.977s] INFO:colcon.colcon_core.shell:Creating package script '/home/mfikih15/foxy_ws/install/cpp_pubsub/share/cpp_pubsub/package.bash'
[8.977s] INFO:colcon.colcon_core.shell:Creating package script '/home/mfikih15/foxy_ws/install/cpp_pubsub/share/cpp_pubsub/package.zsh'
[8.978s] Level 1:colcon.colcon_core.environment:create_file_with_runtime_dependencies(/home/mfikih15/foxy_ws/install/cpp_pubsub/share/colcon-core/packages/cpp_pubsub)
[9.037s] Level 1:colcon.colcon_core.environment:create_environment_scripts_only(cpp_pubsub)
[9.037s] Level 1:colcon.colcon_core.environment:checking '/home/mfikih15/foxy_ws/install/cpp_pubsub' for CMake module files
[9.038s] Level 1:colcon.colcon_core.environment:checking '/home/mfikih15/foxy_ws/install/cpp_pubsub' for CMake config files
[9.039s] Level 1:colcon.colcon_core.shell:create_environment_hook('cpp_pubsub', 'cmake_prefix_path')
[9.039s] INFO:colcon.colcon_core.shell:Creating environment hook '/home/mfikih15/foxy_ws/install/cpp_pubsub/share/cpp_pubsub/hook/cmake_prefix_path.ps1'
[9.042s] INFO:colcon.colcon_core.shell:Creating environment descriptor '/home/mfikih15/foxy_ws/install/cpp_pubsub/share/cpp_pubsub/hook/cmake_prefix_path.dsv'
[9.042s] INFO:colcon.colcon_core.shell:Creating environment hook '/home/mfikih15/foxy_ws/install/cpp_pubsub/share/cpp_pubsub/hook/cmake_prefix_path.sh'
[9.043s] Level 1:colcon.colcon_core.environment:checking '/home/mfikih15/foxy_ws/install/cpp_pubsub/lib'
[9.044s] Level 1:colcon.colcon_core.environment:checking '/home/mfikih15/foxy_ws/install/cpp_pubsub/bin'
[9.044s] Level 1:colcon.colcon_core.environment:checking '/home/mfikih15/foxy_ws/install/cpp_pubsub/lib/pkgconfig/cpp_pubsub.pc'
[9.044s] Level 1:colcon.colcon_core.environment:checking '/home/mfikih15/foxy_ws/install/cpp_pubsub/lib/python3.8/site-packages'
[9.044s] Level 1:colcon.colcon_core.environment:checking '/home/mfikih15/foxy_ws/install/cpp_pubsub/bin'
[9.045s] INFO:colcon.colcon_core.shell:Creating package script '/home/mfikih15/foxy_ws/install/cpp_pubsub/share/cpp_pubsub/package.ps1'
[9.046s] INFO:colcon.colcon_core.shell:Creating package descriptor '/home/mfikih15/foxy_ws/install/cpp_pubsub/share/cpp_pubsub/package.dsv'
[9.047s] INFO:colcon.colcon_core.shell:Creating package script '/home/mfikih15/foxy_ws/install/cpp_pubsub/share/cpp_pubsub/package.sh'
[9.047s] INFO:colcon.colcon_core.shell:Creating package script '/home/mfikih15/foxy_ws/install/cpp_pubsub/share/cpp_pubsub/package.bash'
[9.048s] INFO:colcon.colcon_core.shell:Creating package script '/home/mfikih15/foxy_ws/install/cpp_pubsub/share/cpp_pubsub/package.zsh'
[9.048s] Level 1:colcon.colcon_core.environment:create_file_with_runtime_dependencies(/home/mfikih15/foxy_ws/install/cpp_pubsub/share/colcon-core/packages/cpp_pubsub)
[9.049s] DEBUG:colcon.colcon_parallel_executor.executor.parallel:closing loop
[9.050s] DEBUG:colcon.colcon_parallel_executor.executor.parallel:loop closed
[9.050s] DEBUG:colcon.colcon_parallel_executor.executor.parallel:run_until_complete finished with '0'
[9.050s] DEBUG:colcon.colcon_core.event_reactor:joining thread
[9.063s] INFO:colcon.colcon_core.plugin_system:Skipping extension 'colcon_notification.desktop_notification.terminal_notifier': Not used on non-Darwin systems
[9.064s] INFO:colcon.colcon_core.plugin_system:Skipping extension 'colcon_notification.desktop_notification.win32': Not used on non-Windows systems
[9.064s] INFO:colcon.colcon_notification.desktop_notification:Sending desktop notification using 'notify2'
[9.099s] DEBUG:colcon.colcon_core.event_reactor:joined thread
[9.099s] INFO:colcon.colcon_core.shell:Creating prefix script '/home/mfikih15/foxy_ws/install/local_setup.ps1'
[9.101s] INFO:colcon.colcon_core.shell:Creating prefix util module '/home/mfikih15/foxy_ws/install/_local_setup_util_ps1.py'
[9.102s] INFO:colcon.colcon_core.shell:Creating prefix chain script '/home/mfikih15/foxy_ws/install/setup.ps1'
[9.103s] INFO:colcon.colcon_core.shell:Creating prefix script '/home/mfikih15/foxy_ws/install/local_setup.sh'
[9.104s] INFO:colcon.colcon_core.shell:Creating prefix util module '/home/mfikih15/foxy_ws/install/_local_setup_util_sh.py'
[9.105s] INFO:colcon.colcon_core.shell:Creating prefix chain script '/home/mfikih15/foxy_ws/install/setup.sh'
[9.107s] INFO:colcon.colcon_core.shell:Creating prefix script '/home/mfikih15/foxy_ws/install/local_setup.bash'
[9.108s] INFO:colcon.colcon_core.shell:Creating prefix chain script '/home/mfikih15/foxy_ws/install/setup.bash'
[9.109s] INFO:colcon.colcon_core.shell:Creating prefix script '/home/mfikih15/foxy_ws/install/local_setup.zsh'
[9.110s] INFO:colcon.colcon_core.shell:Creating prefix chain script '/home/mfikih15/foxy_ws/install/setup.zsh'
